c:\git\raspberrypimousev2\mousesoulappsforvs\eventcontainer\debug\eventcontainer.pch
c:\git\raspberrypimousev2\mousesoulappsforvs\eventcontainer\debug\eventcontainer.pdb
c:\git\raspberrypimousev2\mousesoulappsforvs\eventcontainer\debug\eventcontainer.idb
c:\git\raspberrypimousev2\mousesoulappsforvs\eventcontainer\debug\stdafx.obj
c:\git\raspberrypimousev2\mousesoulappsforvs\eventcontainer\debug\eventcontainer.obj
c:\git\raspberrypimousev2\mousesoulappsforvs\eventcontainer\debug\eventctrlautocontrol.obj
c:\git\raspberrypimousev2\mousesoulappsforvs\eventcontainer\debug\eventctrlautoswitch.obj
c:\git\raspberrypimousev2\mousesoulappsforvs\eventcontainer\debug\eventctrlexcomcontrol.obj
c:\git\raspberrypimousev2\mousesoulappsforvs\eventcontainer\debug\eventctrlledcontrol.obj
c:\git\raspberrypimousev2\mousesoulappsforvs\eventcontainer\debug\eventctrlmotercontrol.obj
c:\git\raspberrypimousev2\mousesoulappsforvs\eventcontainer\debug\eventctrlmoterswitch.obj
c:\git\raspberrypimousev2\mousesoulappsforvs\eventcontainer\debug\eventctrlsensorswitch.obj
c:\git\raspberrypimousev2\mousesoulappsforvs\eventcontainer\debug\eventctrlsoundcontrol.obj
c:\git\raspberrypimousev2\mousesoulappsforvs\eventcontainer\debug\eventinfosensorvalue.obj
c:\git\raspberrypimousev2\mousesoulappsforvs\debug\eventcontainer.lib
c:\git\raspberrypimousev2\mousesoulappsforvs\debug\eventcontainer.pdb
c:\git\raspberrypimousev2\mousesoulappsforvs\eventcontainer\debug\eventcontainer.tlog\cl.command.1.tlog
c:\git\raspberrypimousev2\mousesoulappsforvs\eventcontainer\debug\eventcontainer.tlog\cl.read.1.tlog
c:\git\raspberrypimousev2\mousesoulappsforvs\eventcontainer\debug\eventcontainer.tlog\cl.write.1.tlog
c:\git\raspberrypimousev2\mousesoulappsforvs\eventcontainer\debug\eventcontainer.tlog\lib-link.read.1.tlog
c:\git\raspberrypimousev2\mousesoulappsforvs\eventcontainer\debug\eventcontainer.tlog\lib-link.write.1.tlog
c:\git\raspberrypimousev2\mousesoulappsforvs\eventcontainer\debug\eventcontainer.tlog\lib.command.1.tlog
